<?xml version="1.0" encoding="UTF-8"?>
<!-- Generated by org.testng.reporters.JUnitReportReporter -->
<testsuite skipped="0" hostname="DESKTOP-MP8TQET" name="com.Libraries.BaseAutomation" tests="3" failures="0" timestamp="08 Oct 2017 05:54:49 GMT" time="0.011" errors="0">
  <testcase name="testmethod2" time="0.006" classname="com.Libraries.BaseAutomation"/>
  <testcase name="testmethod1" time="0.002" classname="com.Libraries.BaseAutomation"/>
  <testcase name="testmethod3" time="0.003" classname="com.Libraries.BaseAutomation"/>
</testsuite> <!-- com.Libraries.BaseAutomation -->
